e:\courses\sprints\automotive software bootcamp\part 05 - c programming\s_alg_01 longest consecutive sequence\longest consecutive sequence\x64\debug\vc143.pdb
e:\courses\sprints\automotive software bootcamp\part 05 - c programming\s_alg_01 longest consecutive sequence\longest consecutive sequence\x64\debug\vc143.idb
e:\courses\sprints\automotive software bootcamp\part 05 - c programming\s_alg_01 longest consecutive sequence\longest consecutive sequence\x64\debug\sort.obj
e:\courses\sprints\automotive software bootcamp\part 05 - c programming\s_alg_01 longest consecutive sequence\longest consecutive sequence\x64\debug\main.obj
e:\courses\sprints\automotive software bootcamp\part 05 - c programming\s_alg_01 longest consecutive sequence\longest consecutive sequence\x64\debug\lcs.obj
e:\courses\sprints\automotive software bootcamp\part 05 - c programming\s_alg_01 longest consecutive sequence\longest consecutive sequence\x64\debug\longest consecutive sequence.pdb
e:\courses\sprints\automotive software bootcamp\part 05 - c programming\s_alg_01 longest consecutive sequence\longest consecutive sequence\x64\debug\longest .85450646.tlog\cl.command.1.tlog
e:\courses\sprints\automotive software bootcamp\part 05 - c programming\s_alg_01 longest consecutive sequence\longest consecutive sequence\x64\debug\longest .85450646.tlog\cl.read.1.tlog
e:\courses\sprints\automotive software bootcamp\part 05 - c programming\s_alg_01 longest consecutive sequence\longest consecutive sequence\x64\debug\longest .85450646.tlog\cl.write.1.tlog
e:\courses\sprints\automotive software bootcamp\part 05 - c programming\s_alg_01 longest consecutive sequence\longest consecutive sequence\x64\debug\longest .85450646.tlog\link-cvtres.read.1.tlog
e:\courses\sprints\automotive software bootcamp\part 05 - c programming\s_alg_01 longest consecutive sequence\longest consecutive sequence\x64\debug\longest .85450646.tlog\link-cvtres.write.1.tlog
e:\courses\sprints\automotive software bootcamp\part 05 - c programming\s_alg_01 longest consecutive sequence\longest consecutive sequence\x64\debug\longest .85450646.tlog\link-rc.read.1.tlog
e:\courses\sprints\automotive software bootcamp\part 05 - c programming\s_alg_01 longest consecutive sequence\longest consecutive sequence\x64\debug\longest .85450646.tlog\link-rc.write.1.tlog
e:\courses\sprints\automotive software bootcamp\part 05 - c programming\s_alg_01 longest consecutive sequence\longest consecutive sequence\x64\debug\longest .85450646.tlog\link.9992-cvtres.read.1.tlog
e:\courses\sprints\automotive software bootcamp\part 05 - c programming\s_alg_01 longest consecutive sequence\longest consecutive sequence\x64\debug\longest .85450646.tlog\link.9992-cvtres.write.1.tlog
e:\courses\sprints\automotive software bootcamp\part 05 - c programming\s_alg_01 longest consecutive sequence\longest consecutive sequence\x64\debug\longest .85450646.tlog\link.9992-rc.read.1.tlog
e:\courses\sprints\automotive software bootcamp\part 05 - c programming\s_alg_01 longest consecutive sequence\longest consecutive sequence\x64\debug\longest .85450646.tlog\link.9992-rc.write.1.tlog
e:\courses\sprints\automotive software bootcamp\part 05 - c programming\s_alg_01 longest consecutive sequence\longest consecutive sequence\x64\debug\longest .85450646.tlog\link.9992.read.1.tlog
e:\courses\sprints\automotive software bootcamp\part 05 - c programming\s_alg_01 longest consecutive sequence\longest consecutive sequence\x64\debug\longest .85450646.tlog\link.9992.read.2.tlog
e:\courses\sprints\automotive software bootcamp\part 05 - c programming\s_alg_01 longest consecutive sequence\longest consecutive sequence\x64\debug\longest .85450646.tlog\link.9992.write.1.tlog
e:\courses\sprints\automotive software bootcamp\part 05 - c programming\s_alg_01 longest consecutive sequence\longest consecutive sequence\x64\debug\longest .85450646.tlog\link.command.1.tlog
e:\courses\sprints\automotive software bootcamp\part 05 - c programming\s_alg_01 longest consecutive sequence\longest consecutive sequence\x64\debug\longest .85450646.tlog\link.read.1.tlog
e:\courses\sprints\automotive software bootcamp\part 05 - c programming\s_alg_01 longest consecutive sequence\longest consecutive sequence\x64\debug\longest .85450646.tlog\link.read.2.tlog
e:\courses\sprints\automotive software bootcamp\part 05 - c programming\s_alg_01 longest consecutive sequence\longest consecutive sequence\x64\debug\longest .85450646.tlog\link.write.1.tlog
